Using pre-set license
Built from '2021.2/staging' branch; Version is '2021.2.14f1 (bcb93e5482d2) revision 12368190'; Using compiler version '192829333'; Build Type 'Release'
OS: 'Windows 10  (10.0.19044) 64bit Core' Language: 'en' Physical Memory: 7778 MB
BatchMode: 1, IsHumanControllingUs: 0, StartBugReporterOnCrash: 0, Is64bit: 1, IsPro: 1

COMMAND LINE ARGUMENTS:
C:\Program Files\Unity 2021.2.14f1\2021.2.14f1\Editor\Unity.exe
-adb2
-batchMode
-noUpm
-name
AssetImportWorker0
-projectPath
C:/Users/clobd/Documents/Aegis/aegis
-logFile
Logs/AssetImportWorker0.log
-srvPort
52244
Successfully changed project path to: C:/Users/clobd/Documents/Aegis/aegis
C:/Users/clobd/Documents/Aegis/aegis
[UnityMemory] Configuration Parameters - Can be set up in boot.config
    "memorysetup-bucket-allocator-granularity=16"
    "memorysetup-bucket-allocator-bucket-count=8"
    "memorysetup-bucket-allocator-block-size=33554432"
    "memorysetup-bucket-allocator-block-count=8"
    "memorysetup-main-allocator-block-size=16777216"
    "memorysetup-thread-allocator-block-size=16777216"
    "memorysetup-gfx-main-allocator-block-size=16777216"
    "memorysetup-gfx-thread-allocator-block-size=16777216"
    "memorysetup-cache-allocator-block-size=4194304"
    "memorysetup-typetree-allocator-block-size=2097152"
    "memorysetup-profiler-bucket-allocator-granularity=16"
    "memorysetup-profiler-bucket-allocator-bucket-count=8"
    "memorysetup-profiler-bucket-allocator-block-size=33554432"
    "memorysetup-profiler-bucket-allocator-block-count=8"
    "memorysetup-profiler-allocator-block-size=16777216"
    "memorysetup-profiler-editor-allocator-block-size=1048576"
    "memorysetup-temp-allocator-size-main=16777216"
    "memorysetup-job-temp-allocator-block-size=2097152"
    "memorysetup-job-temp-allocator-block-size-background=1048576"
    "memorysetup-job-temp-allocator-reduction-small-platforms=262144"
    "memorysetup-temp-allocator-size-background-worker=32768"
    "memorysetup-temp-allocator-size-job-worker=262144"
    "memorysetup-temp-allocator-size-preload-manager=33554432"
    "memorysetup-temp-allocator-size-nav-mesh-worker=65536"
    "memorysetup-temp-allocator-size-audio-worker=65536"
    "memorysetup-temp-allocator-size-cloud-worker=32768"
    "memorysetup-temp-allocator-size-gi-baking-worker=262144"
    "memorysetup-temp-allocator-size-gfx=262144"
Refreshing native plugins compatible for Editor in 322.60 ms, found 3 plugins.
Preloading 0 native plugins for Editor in 0.00 ms.
Initialize engine version: 2021.2.14f1 (bcb93e5482d2)
[Subsystems] Discovering subsystems at path C:/Program Files/Unity 2021.2.14f1/2021.2.14f1/Editor/Data/Resources/UnitySubsystems
[Subsystems] Discovering subsystems at path C:/Users/clobd/Documents/Aegis/aegis/Assets
GfxDevice: creating device client; threaded=0; jobified=0
Direct3D:
    Version:  Direct3D 11.0 [level 11.1]
    Renderer: Intel(R) Iris(R) Plus Graphics (ID=0x8a5a)
    Vendor:   Intel
    VRAM:     3889 MB
    Driver:   27.20.100.9621
Initialize mono
Mono path[0] = 'C:/Program Files/Unity 2021.2.14f1/2021.2.14f1/Editor/Data/Managed'
Mono path[1] = 'C:/Program Files/Unity 2021.2.14f1/2021.2.14f1/Editor/Data/MonoBleedingEdge/lib/mono/unityjit-win32'
Mono config path = 'C:/Program Files/Unity 2021.2.14f1/2021.2.14f1/Editor/Data/MonoBleedingEdge/etc'
Using monoOptions --debugger-agent=transport=dt_socket,embedding=1,server=y,suspend=n,address=127.0.0.1:56744
Begin MonoManager ReloadAssembly
Registering precompiled unity dll's ...
Register platform support module: C:/Program Files/Unity 2021.2.14f1/2021.2.14f1/Editor/Data/PlaybackEngines/WebGLSupport/UnityEditor.WebGL.Extensions.dll
Register platform support module: C:/Program Files/Unity 2021.2.14f1/2021.2.14f1/Editor/Data/PlaybackEngines/WindowsStandaloneSupport/UnityEditor.WindowsStandalone.Extensions.dll
Registered in 0.029872 seconds.
Native extension for WindowsStandalone target not found
Native extension for WebGL target not found
Refreshing native plugins compatible for Editor in 338.90 ms, found 3 plugins.
Preloading 0 native plugins for Editor in 0.00 ms.
Mono: successfully reloaded assembly
- Completed reload, in  2.957 seconds
Domain Reload Profiling:
	ReloadAssembly (2959ms)
		BeginReloadAssembly (322ms)
			ExecutionOrderSort (0ms)
			DisableScriptedObjects (0ms)
			BackupInstance (0ms)
			ReleaseScriptingObjects (0ms)
			CreateAndSetChildDomain (3ms)
		EndReloadAssembly (2141ms)
			LoadAssemblies (309ms)
			RebuildTransferFunctionScriptingTraits (0ms)
			SetupTypeCache (500ms)
			ReleaseScriptCaches (0ms)
			RebuildScriptCaches (114ms)
			SetupLoadedEditorAssemblies (1285ms)
				LogAssemblyErrors (0ms)
				InitializePlatformSupportModulesInManaged (43ms)
				SetLoadedEditorAssemblies (1ms)
				RefreshPlugins (339ms)
				BeforeProcessingInitializeOnLoad (6ms)
				ProcessInitializeOnLoadAttributes (681ms)
				ProcessInitializeOnLoadMethodAttributes (214ms)
				AfterProcessingInitializeOnLoad (0ms)
				EditorAssembliesLoaded (0ms)
			ExecutionOrderSort2 (0ms)
			AwakeInstancesAfterBackupRestoration (0ms)
Platform modules already initialized, skipping
Registering precompiled user dll's ...
Registered in 0.016690 seconds.
Begin MonoManager ReloadAssembly
Symbol file LoadedFromMemory doesn't match image C:\Users\clobd\Documents\Aegis\aegis\Library\PackageCache\com.unity.visualscripting@1.7.6\Editor\VisualScripting.Core\Dependencies\YamlDotNet\Unity.VisualScripting.YamlDotNet.dll
Symbol file LoadedFromMemory doesn't match image C:\Users\clobd\Documents\Aegis\aegis\Library\PackageCache\com.unity.visualscripting@1.7.6\Editor\VisualScripting.Core\Dependencies\DotNetZip\Unity.VisualScripting.IonicZip.dll
Native extension for WindowsStandalone target not found
Native extension for WebGL target not found
Refreshing native plugins compatible for Editor in 339.42 ms, found 3 plugins.
Preloading 0 native plugins for Editor in 0.00 ms.
Mono: successfully reloaded assembly
- Completed reload, in  4.864 seconds
Domain Reload Profiling:
	ReloadAssembly (4868ms)
		BeginReloadAssembly (448ms)
			ExecutionOrderSort (0ms)
			DisableScriptedObjects (29ms)
			BackupInstance (0ms)
			ReleaseScriptingObjects (0ms)
			CreateAndSetChildDomain (57ms)
		EndReloadAssembly (3847ms)
			LoadAssemblies (295ms)
			RebuildTransferFunctionScriptingTraits (0ms)
			SetupTypeCache (1012ms)
			ReleaseScriptCaches (1ms)
			RebuildScriptCaches (217ms)
			SetupLoadedEditorAssemblies (2093ms)
				LogAssemblyErrors (0ms)
				InitializePlatformSupportModulesInManaged (19ms)
				SetLoadedEditorAssemblies (1ms)
				RefreshPlugins (340ms)
				BeforeProcessingInitializeOnLoad (357ms)
				ProcessInitializeOnLoadAttributes (1250ms)
				ProcessInitializeOnLoadMethodAttributes (92ms)
				AfterProcessingInitializeOnLoad (34ms)
				EditorAssembliesLoaded (1ms)
			ExecutionOrderSort2 (0ms)
			AwakeInstancesAfterBackupRestoration (29ms)
Platform modules already initialized, skipping
========================================================================
Worker process is ready to serve import requests
Launched and connected shader compiler UnityShaderCompiler.exe after 0.19 seconds
Refreshing native plugins compatible for Editor in 1.81 ms, found 3 plugins.
Preloading 0 native plugins for Editor in 0.00 ms.
Unloading 3434 Unused Serialized files (Serialized files now loaded: 0)
Unloading 23 unused Assets / (56.1 KB). Loaded Objects now: 3898.
Memory consumption went from 120.7 MB to 120.6 MB.
Total: 11.509100 ms (FindLiveObjects: 0.668500 ms CreateObjectMapping: 0.392400 ms MarkObjects: 10.213000 ms  DeleteObjects: 0.232700 ms)

AssetImportParameters requested are different than current active one (requested -> active):
  custom:video-decoder-ogg-theora: a1e56fd34408186e4bbccfd4996cb3dc -> 
  custom:container-muxer-webm: aa71ff27fc2769a1b78a27578f13a17b -> 
  custom:container-demuxer-webm: 4f35f7cbe854078d1ac9338744f61a02 -> 
  custom:video-encoder-webm-vp8: eb34c28f22e8b96e1ab97ce403110664 -> 
  custom:video-codec-MediaFoundation-h265: 746d11721c4dcdbdad8f713fa42b33f4 -> 
  custom:audio-encoder-webm-vorbis: bf7c407c2cedff20999df2af8eb42d56 -> 
  custom:framework-win-MediaFoundation: 216162199b28c13a410421893ffa2e32 -> 
  custom:container-demuxer-ogg: 62fdf1f143b41e24485cea50d1cbac27 -> 
  custom:video-decoder-webm-vp8: 9c59270c3fd7afecdb556c50c9e8de78 -> 
  custom:audio-decoder-ogg-vorbis: bf7c407c2cedff20999df2af8eb42d56 -> 
========================================================================
Received Import Request.
  Time since last request: 361812.217341 seconds.
  path: Assets/ToonyTinyPeople/TT_RTS/TT_RTS_standard_demo/prefab/TT_RTS_Demo_Character.prefab
  artifactKey: Guid(fe2a5bf9b4c2d4a4b9853a8506f18c40) Importer(815301076,1909f56bfc062723c751e8b465ee728b)
Start importing Assets/ToonyTinyPeople/TT_RTS/TT_RTS_standard_demo/prefab/TT_RTS_Demo_Character.prefab using Guid(fe2a5bf9b4c2d4a4b9853a8506f18c40) Importer(815301076,1909f56bfc062723c751e8b465ee728b)  -> (artifact id: '195c21d01d3290d0d6518fcfc768bf6f') in 0.408863 seconds 
========================================================================
Received Import Request.
  Time since last request: 8.530486 seconds.
  path: Assets/ToonyTinyPeople/TT_RTS/TT_RTS_standard_demo/Player.controller
  artifactKey: Guid(b52dad28ea8de864eac8322de9eff38d) Importer(815301076,1909f56bfc062723c751e8b465ee728b)
Start importing Assets/ToonyTinyPeople/TT_RTS/TT_RTS_standard_demo/Player.controller using Guid(b52dad28ea8de864eac8322de9eff38d) Importer(815301076,1909f56bfc062723c751e8b465ee728b)  -> (artifact id: 'cffbac0873a1bebdfd37175fa86bb200') in 0.037606 seconds 
========================================================================
Received Prepare
Registering precompiled user dll's ...
Registered in 0.011490 seconds.
Begin MonoManager ReloadAssembly
Symbol file LoadedFromMemory doesn't match image C:\Users\clobd\Documents\Aegis\aegis\Library\PackageCache\com.unity.visualscripting@1.7.6\Editor\VisualScripting.Core\Dependencies\YamlDotNet\Unity.VisualScripting.YamlDotNet.dll
Symbol file LoadedFromMemory doesn't match image C:\Users\clobd\Documents\Aegis\aegis\Library\PackageCache\com.unity.visualscripting@1.7.6\Editor\VisualScripting.Core\Dependencies\DotNetZip\Unity.VisualScripting.IonicZip.dll
Native extension for WindowsStandalone target not found
Native extension for WebGL target not found
Refreshing native plugins compatible for Editor in 1.89 ms, found 3 plugins.
Preloading 0 native plugins for Editor in 0.00 ms.
Mono: successfully reloaded assembly
- Completed reload, in  5.826 seconds
Domain Reload Profiling:
	ReloadAssembly (5829ms)
		BeginReloadAssembly (677ms)
			ExecutionOrderSort (0ms)
			DisableScriptedObjects (29ms)
			BackupInstance (0ms)
			ReleaseScriptingObjects (0ms)
			CreateAndSetChildDomain (147ms)
		EndReloadAssembly (4477ms)
			LoadAssemblies (455ms)
			RebuildTransferFunctionScriptingTraits (0ms)
			SetupTypeCache (1411ms)
			ReleaseScriptCaches (5ms)
			RebuildScriptCaches (244ms)
			SetupLoadedEditorAssemblies (2118ms)
				LogAssemblyErrors (0ms)
				InitializePlatformSupportModulesInManaged (86ms)
				SetLoadedEditorAssemblies (3ms)
				RefreshPlugins (2ms)
				BeforeProcessingInitializeOnLoad (314ms)
				ProcessInitializeOnLoadAttributes (1512ms)
				ProcessInitializeOnLoadMethodAttributes (139ms)
				AfterProcessingInitializeOnLoad (60ms)
				EditorAssembliesLoaded (1ms)
			ExecutionOrderSort2 (0ms)
			AwakeInstancesAfterBackupRestoration (47ms)
Platform modules already initialized, skipping
Refreshing native plugins compatible for Editor in 8.81 ms, found 3 plugins.
Preloading 0 native plugins for Editor in 0.00 ms.
Unloading 3428 Unused Serialized files (Serialized files now loaded: 0)
Unloading 14 unused Assets / (24.7 KB). Loaded Objects now: 3906.
Memory consumption went from 124.8 MB to 124.8 MB.
Total: 12.954700 ms (FindLiveObjects: 0.901500 ms CreateObjectMapping: 0.342600 ms MarkObjects: 11.630800 ms  DeleteObjects: 0.072600 ms)

AssetImportParameters requested are different than current active one (requested -> active):
  custom:video-decoder-ogg-theora: a1e56fd34408186e4bbccfd4996cb3dc -> 
  custom:container-muxer-webm: aa71ff27fc2769a1b78a27578f13a17b -> 
  custom:container-demuxer-webm: 4f35f7cbe854078d1ac9338744f61a02 -> 
  custom:video-encoder-webm-vp8: eb34c28f22e8b96e1ab97ce403110664 -> 
  custom:video-codec-MediaFoundation-h265: 746d11721c4dcdbdad8f713fa42b33f4 -> 
  custom:audio-encoder-webm-vorbis: bf7c407c2cedff20999df2af8eb42d56 -> 
  custom:framework-win-MediaFoundation: 216162199b28c13a410421893ffa2e32 -> 
  custom:container-demuxer-ogg: 62fdf1f143b41e24485cea50d1cbac27 -> 
  custom:video-decoder-webm-vp8: 9c59270c3fd7afecdb556c50c9e8de78 -> 
  custom:audio-decoder-ogg-vorbis: bf7c407c2cedff20999df2af8eb42d56 -> 
========================================================================
Received Import Request.
  Time since last request: 118.358204 seconds.
  path: Assets/Scenes/Tutorial.unity
  artifactKey: Guid(3968a21f23951b942811bf09fca9e1a0) Importer(815301076,1909f56bfc062723c751e8b465ee728b)
Start importing Assets/Scenes/Tutorial.unity using Guid(3968a21f23951b942811bf09fca9e1a0) Importer(815301076,1909f56bfc062723c751e8b465ee728b)  -> (artifact id: 'e2ef7346f8ddbfa232b07e5d5acd867d') in 0.030214 seconds 
========================================================================
Received Import Request.
  Time since last request: 180.297638 seconds.
  path: Assets/RPG Monster Duo PBR Polyart/Prefabs
  artifactKey: Guid(8127742742335384f97472bb26841d4c) Importer(815301076,1909f56bfc062723c751e8b465ee728b)
Start importing Assets/RPG Monster Duo PBR Polyart/Prefabs using Guid(8127742742335384f97472bb26841d4c) Importer(815301076,1909f56bfc062723c751e8b465ee728b)  -> (artifact id: '531d5787f328a1d6394128649c6f687d') in 0.026472 seconds 
========================================================================
Received Import Request.
  Time since last request: 1.159464 seconds.
  path: Assets/RPG Monster Duo PBR Polyart/Prefabs/Slime.prefab
  artifactKey: Guid(a817c29ea6847604bb2c6c51d9a74bf1) Importer(815301076,1909f56bfc062723c751e8b465ee728b)
Start importing Assets/RPG Monster Duo PBR Polyart/Prefabs/Slime.prefab using Guid(a817c29ea6847604bb2c6c51d9a74bf1) Importer(815301076,1909f56bfc062723c751e8b465ee728b)  -> (artifact id: '68705fea5da26889fbd7ba4755d1829d') in 0.371001 seconds 
========================================================================
Received Import Request.
  Time since last request: 0.000086 seconds.
  path: Assets/RPG Monster Duo PBR Polyart/Prefabs/TurtleShellPBR.prefab
  artifactKey: Guid(38efdaadbfe1d624bbee439cb02e7661) Importer(815301076,1909f56bfc062723c751e8b465ee728b)
Start importing Assets/RPG Monster Duo PBR Polyart/Prefabs/TurtleShellPBR.prefab using Guid(38efdaadbfe1d624bbee439cb02e7661) Importer(815301076,1909f56bfc062723c751e8b465ee728b)  -> (artifact id: 'b18d69ce56df417a4255ed086dbb573c') in 0.113551 seconds 
========================================================================
Received Import Request.
  Time since last request: 0.000106 seconds.
  path: Assets/RPG Monster Duo PBR Polyart/Prefabs/TurtleShell.prefab
  artifactKey: Guid(3aec22b5d3f3c2947bb81040b56e5f96) Importer(815301076,1909f56bfc062723c751e8b465ee728b)
Start importing Assets/RPG Monster Duo PBR Polyart/Prefabs/TurtleShell.prefab using Guid(3aec22b5d3f3c2947bb81040b56e5f96) Importer(815301076,1909f56bfc062723c751e8b465ee728b)  -> (artifact id: '25c64d15be001f2fd2326aecdba05fb4') in 0.136631 seconds 
